<?xml version="1.0" encoding="UTF-8"?>
<testsuite xmlns:xsi="http://www.w3.org/2001/XMLSchema-instance" xsi:noNamespaceSchemaLocation="https://maven.apache.org/surefire/maven-surefire-plugin/xsd/surefire-test-report-3.0.xsd" version="3.0" name="com.cognizant.spring_learn.SpringLearnApplicationTests" time="6.693" tests="3" errors="0" skipped="0" failures="0">
  <properties>
[...]
</properties>
  <testcase name="testGetCountryException" classname="com.cognizant.spring_learn.SpringLearnApplicationTests" time="2.042">
    <system-out><![CDATA[13:15:20.078 [main] INFO org.springframework.test.context.support.AnnotationConfigContextLoaderUtils -- Could not detect default configuration classes for test class [com.cognizant.spring_learn.SpringLearnApplicationTests]: SpringLearnApplicationTests does not declare any static, non-private, non-final, nested classes annotated with @Configuration.
13:15:20.338 [main] INFO org.springframework.boot.test.context.SpringBootTestContextBootstrapper -- Found @SpringBootConfiguration com.cognizant.spring_learn.SpringLearnApplication for test class com.cognizant.spring_learn.SpringLearnApplicationTests
13:15:20.675 [main] INFO org.springframework.boot.devtools.restart.RestartApplicationListener -- Restart disabled due to context in which it is running
260710|13:15:21.263|main                | INFO|ringLearnApplicationTests|              logStarting|Starting SpringLearnApplicationTests using Java 17.0.12 with PID 7508 (started by Sanjana in C:\Users\Sanjana\Desktop\Week 3\Spring_rest\2. spring-rest-handson)
260710|13:15:21.268|main                |DEBUG|ringLearnApplicationTests|              logStarting|Running with Spring Boot v3.2.5, Spring v6.1.6
260710|13:15:21.270|main                | INFO|ringLearnApplicationTests|    logStartupProfileInfo|No active profile set, falling back to 1 default profile: "default"
260710|13:15:23.039|main                |DEBUG|c.c.spring_learn.Country |                   <init>|Inside Country Constructor
260710|13:15:23.043|main                |DEBUG|c.c.spring_learn.Country |                  setCode|Inside setCode: IN
260710|13:15:23.047|main                |DEBUG|c.c.spring_learn.Country |                  setName|Inside setName: India
260710|13:15:23.048|main                |DEBUG|c.c.spring_learn.Country |                   <init>|Inside Country Constructor
260710|13:15:23.049|main                |DEBUG|c.c.spring_learn.Country |                  setCode|Inside setCode: US
260710|13:15:23.049|main                |DEBUG|c.c.spring_learn.Country |                  setName|Inside setName: United States
260710|13:15:23.049|main                |DEBUG|c.c.spring_learn.Country |                   <init>|Inside Country Constructor
260710|13:15:23.051|main                |DEBUG|c.c.spring_learn.Country |                  setCode|Inside setCode: DE
260710|13:15:23.051|main                |DEBUG|c.c.spring_learn.Country |                  setName|Inside setName: Germany
260710|13:15:23.051|main                |DEBUG|c.c.spring_learn.Country |                   <init>|Inside Country Constructor
260710|13:15:23.051|main                |DEBUG|c.c.spring_learn.Country |                  setCode|Inside setCode: JP
260710|13:15:23.053|main                |DEBUG|c.c.spring_learn.Country |                  setName|Inside setName: Japan
260710|13:15:23.956|main                | INFO|ingBootMockServletContext|                      log|Initializing Spring TestDispatcherServlet ''
260710|13:15:23.959|main                | INFO|w.s.TestDispatcherServlet|          initServletBean|Initializing Servlet ''
260710|13:15:23.963|main                | INFO|w.s.TestDispatcherServlet|          initServletBean|Completed initialization in 0 ms
260710|13:15:23.996|main                | INFO|ringLearnApplicationTests|               logStarted|Started SpringLearnApplicationTests in 3.348 seconds (process running for 5.583)
260710|13:15:26.025|main                |DEBUG|c.c.spring_learn.Country |                  getCode|Inside getCode
260710|13:15:26.027|main                |DEBUG|c.c.spring_learn.Country |                  getCode|Inside getCode
260710|13:15:26.027|main                |DEBUG|c.c.spring_learn.Country |                  getCode|Inside getCode
260710|13:15:26.027|main                |DEBUG|c.c.spring_learn.Country |                  getCode|Inside getCode
]]></system-out>
  </testcase>
  <testcase name="contextLoads" classname="com.cognizant.spring_learn.SpringLearnApplicationTests" time="0.014"/>
  <testcase name="testGetCountry" classname="com.cognizant.spring_learn.SpringLearnApplicationTests" time="0.275">
    <system-out><![CDATA[260710|13:15:26.147|main                |DEBUG|c.c.spring_learn.Country |                   <init>|Inside Country Constructor
260710|13:15:26.148|main                |DEBUG|c.c.spring_learn.Country |                  setCode|Inside setCode: IN
260710|13:15:26.148|main                |DEBUG|c.c.spring_learn.Country |                  setName|Inside setName: India
260710|13:15:26.148|main                |DEBUG|c.c.spring_learn.Country |                   <init>|Inside Country Constructor
260710|13:15:26.148|main                |DEBUG|c.c.spring_learn.Country |                  setCode|Inside setCode: US
260710|13:15:26.148|main                |DEBUG|c.c.spring_learn.Country |                  setName|Inside setName: United States
260710|13:15:26.148|main                |DEBUG|c.c.spring_learn.Country |                   <init>|Inside Country Constructor
260710|13:15:26.148|main                |DEBUG|c.c.spring_learn.Country |                  setCode|Inside setCode: DE
260710|13:15:26.148|main                |DEBUG|c.c.spring_learn.Country |                  setName|Inside setName: Germany
260710|13:15:26.148|main                |DEBUG|c.c.spring_learn.Country |                   <init>|Inside Country Constructor
260710|13:15:26.148|main                |DEBUG|c.c.spring_learn.Country |                  setCode|Inside setCode: JP
260710|13:15:26.148|main                |DEBUG|c.c.spring_learn.Country |                  setName|Inside setName: Japan
260710|13:15:26.275|main                |DEBUG|c.c.spring_learn.Country |                  getCode|Inside getCode
260710|13:15:26.275|main                |DEBUG|c.c.spring_learn.Country |                  getName|Inside getName
]]></system-out>
  </testcase>
</testsuite>